<?xml version="1.0" encoding="UTF-8"?>
<!-- Generated by org.testng.reporters.JUnitXMLReporter -->
<testsuite ignored="0" hostname="Sriram" failures="0" tests="4" name="Inventory" time="25.482" errors="0" timestamp="2026-04-14T15:59:21 IST">
  <testcase classname="tests.inventory.InventoryTests" name="addItemToCartTest" time="2.739"/>
  <testcase classname="tests.inventory.InventoryTests" name="removeItemFromCartTest" time="1.86"/>
  <testcase classname="tests.inventory.InventoryTests" name="sortLowToHighTest" time="2.343"/>
  <testcase classname="tests.inventory.InventoryTests" name="verifyInventoryPageLoaded" time="1.95"/>
</testsuite> <!-- Inventory -->
