<?xml version="1.0" encoding="UTF-8"?>
<!-- Generated by org.testng.reporters.JUnitXMLReporter -->
<testsuite ignored="0" hostname="Sriram" failures="0" tests="8" name="Login" time="50.373" errors="0" timestamp="2026-04-14T15:59:46 IST">
  <testcase classname="tests.login.LoginTests" name="invalidLoginTest" time="2.285"/>
  <testcase classname="tests.login.LoginTests" name="lockedUserTest" time="1.386"/>
  <testcase classname="tests.login.LoginTests" name="loginWithMultipleUsers" time="1.576"/>
  <testcase classname="tests.login.LoginTests" name="loginWithMultipleUsers" time="2.201"/>
  <testcase classname="tests.login.LoginTests" name="loginWithMultipleUsers" time="1.497"/>
  <testcase classname="tests.login.LoginTests" name="loginWithMultipleUsers" time="6.556"/>
  <testcase classname="tests.login.LoginTests" name="performanceUserTest" time="6.132"/>
  <testcase classname="tests.login.LoginTests" name="validLoginTest" time="1.133"/>
</testsuite> <!-- Login -->
