<?xml version="1.0" encoding="UTF-8"?>
<testng-results ignored="0" total="12" passed="12" failed="0" skipped="0">
  <reporter-output>
  </reporter-output>
  <suite started-at="2026-04-14T15:58:56 IST" name="SauceDemo Suite" finished-at="2026-04-14T15:59:46 IST" duration-ms="50373">
    <groups>
    </groups>
    <test started-at="2026-04-14T15:58:56 IST" name="Inventory" finished-at="2026-04-14T15:59:21 IST" duration-ms="25482">
      <class name="tests.inventory.InventoryTests">
        <test-method is-config="true" signature="setUp()[pri:0, instance:tests.inventory.InventoryTests@17bffc17]" started-at="2026-04-14T15:58:56 IST" name="setUp" finished-at="2026-04-14T15:59:01 IST" duration-ms="4972" status="PASS">
          <reporter-output>
          </reporter-output>
        </test-method> <!-- setUp -->
        <test-method signature="addItemToCartTest()[pri:0, instance:tests.inventory.InventoryTests@17bffc17]" started-at="2026-04-14T15:59:01 IST" name="addItemToCartTest" finished-at="2026-04-14T15:59:04 IST" duration-ms="2739" status="PASS">
          <reporter-output>
          </reporter-output>
        </test-method> <!-- addItemToCartTest -->
        <test-method is-config="true" signature="tearDown()[pri:0, instance:tests.inventory.InventoryTests@17bffc17]" started-at="2026-04-14T15:59:04 IST" name="tearDown" finished-at="2026-04-14T15:59:05 IST" duration-ms="969" status="PASS">
          <reporter-output>
          </reporter-output>
        </test-method> <!-- tearDown -->
        <test-method is-config="true" signature="setUp()[pri:0, instance:tests.inventory.InventoryTests@17bffc17]" started-at="2026-04-14T15:59:05 IST" name="setUp" finished-at="2026-04-14T15:59:07 IST" duration-ms="2478" status="PASS">
          <reporter-output>
          </reporter-output>
        </test-method> <!-- setUp -->
        <test-method signature="removeItemFromCartTest()[pri:0, instance:tests.inventory.InventoryTests@17bffc17]" started-at="2026-04-14T15:59:07 IST" name="removeItemFromCartTest" finished-at="2026-04-14T15:59:09 IST" duration-ms="1860" status="PASS">
          <reporter-output>
          </reporter-output>
        </test-method> <!-- removeItemFromCartTest -->
        <test-method is-config="true" signature="tearDown()[pri:0, instance:tests.inventory.InventoryTests@17bffc17]" started-at="2026-04-14T15:59:09 IST" name="tearDown" finished-at="2026-04-14T15:59:10 IST" duration-ms="702" status="PASS">
          <reporter-output>
          </reporter-output>
        </test-method> <!-- tearDown -->
        <test-method is-config="true" signature="setUp()[pri:0, instance:tests.inventory.InventoryTests@17bffc17]" started-at="2026-04-14T15:59:10 IST" name="setUp" finished-at="2026-04-14T15:59:13 IST" duration-ms="2623" status="PASS">
          <reporter-output>
          </reporter-output>
        </test-method> <!-- setUp -->
        <test-method signature="sortLowToHighTest()[pri:0, instance:tests.inventory.InventoryTests@17bffc17]" started-at="2026-04-14T15:59:13 IST" name="sortLowToHighTest" finished-at="2026-04-14T15:59:15 IST" duration-ms="2343" status="PASS">
          <reporter-output>
          </reporter-output>
        </test-method> <!-- sortLowToHighTest -->
        <test-method is-config="true" signature="tearDown()[pri:0, instance:tests.inventory.InventoryTests@17bffc17]" started-at="2026-04-14T15:59:15 IST" name="tearDown" finished-at="2026-04-14T15:59:15 IST" duration-ms="560" status="PASS">
          <reporter-output>
          </reporter-output>
        </test-method> <!-- tearDown -->
        <test-method is-config="true" signature="setUp()[pri:0, instance:tests.inventory.InventoryTests@17bffc17]" started-at="2026-04-14T15:59:15 IST" name="setUp" finished-at="2026-04-14T15:59:18 IST" duration-ms="3012" status="PASS">
          <reporter-output>
          </reporter-output>
        </test-method> <!-- setUp -->
        <test-method signature="verifyInventoryPageLoaded()[pri:0, instance:tests.inventory.InventoryTests@17bffc17]" started-at="2026-04-14T15:59:18 IST" name="verifyInventoryPageLoaded" finished-at="2026-04-14T15:59:20 IST" duration-ms="1950" status="PASS">
          <reporter-output>
          </reporter-output>
        </test-method> <!-- verifyInventoryPageLoaded -->
        <test-method is-config="true" signature="tearDown()[pri:0, instance:tests.inventory.InventoryTests@17bffc17]" started-at="2026-04-14T15:59:20 IST" name="tearDown" finished-at="2026-04-14T15:59:21 IST" duration-ms="859" status="PASS">
          <reporter-output>
          </reporter-output>
        </test-method> <!-- tearDown -->
      </class> <!-- tests.inventory.InventoryTests -->
    </test> <!-- Inventory -->
    <test started-at="2026-04-14T15:58:56 IST" name="Login" finished-at="2026-04-14T15:59:46 IST" duration-ms="50373">
      <class name="tests.login.LoginTests">
        <test-method is-config="true" signature="setUp()[pri:0, instance:tests.login.LoginTests@196a42c3]" started-at="2026-04-14T15:58:56 IST" name="setUp" finished-at="2026-04-14T15:59:01 IST" duration-ms="4973" status="PASS">
          <reporter-output>
          </reporter-output>
        </test-method> <!-- setUp -->
        <test-method signature="invalidLoginTest()[pri:0, instance:tests.login.LoginTests@196a42c3]" started-at="2026-04-14T15:59:01 IST" name="invalidLoginTest" finished-at="2026-04-14T15:59:03 IST" duration-ms="2285" status="PASS">
          <reporter-output>
          </reporter-output>
        </test-method> <!-- invalidLoginTest -->
        <test-method is-config="true" signature="tearDown()[pri:0, instance:tests.login.LoginTests@196a42c3]" started-at="2026-04-14T15:59:03 IST" name="tearDown" finished-at="2026-04-14T15:59:05 IST" duration-ms="1144" status="PASS">
          <reporter-output>
          </reporter-output>
        </test-method> <!-- tearDown -->
        <test-method is-config="true" signature="setUp()[pri:0, instance:tests.login.LoginTests@196a42c3]" started-at="2026-04-14T15:59:05 IST" name="setUp" finished-at="2026-04-14T15:59:07 IST" duration-ms="2857" status="PASS">
          <reporter-output>
          </reporter-output>
        </test-method> <!-- setUp -->
        <test-method signature="lockedUserTest()[pri:0, instance:tests.login.LoginTests@196a42c3]" started-at="2026-04-14T15:59:07 IST" name="lockedUserTest" finished-at="2026-04-14T15:59:09 IST" duration-ms="1386" status="PASS">
          <reporter-output>
          </reporter-output>
        </test-method> <!-- lockedUserTest -->
        <test-method is-config="true" signature="tearDown()[pri:0, instance:tests.login.LoginTests@196a42c3]" started-at="2026-04-14T15:59:09 IST" name="tearDown" finished-at="2026-04-14T15:59:10 IST" duration-ms="681" status="PASS">
          <reporter-output>
          </reporter-output>
        </test-method> <!-- tearDown -->
        <test-method is-config="true" signature="setUp()[pri:0, instance:tests.login.LoginTests@196a42c3]" started-at="2026-04-14T15:59:10 IST" name="setUp" finished-at="2026-04-14T15:59:12 IST" duration-ms="2450" status="PASS">
          <reporter-output>
          </reporter-output>
        </test-method> <!-- setUp -->
        <test-method signature="loginWithMultipleUsers(java.lang.String,java.lang.String)[pri:0, instance:tests.login.LoginTests@196a42c3]" started-at="2026-04-14T15:59:12 IST" name="loginWithMultipleUsers" data-provider="loginData" finished-at="2026-04-14T15:59:14 IST" duration-ms="1576" status="PASS">
          <params>
            <param index="0">
              <value>
                <![CDATA[standard_user]]>
              </value>
            </param>
            <param index="1">
              <value>
                <![CDATA[secret_sauce]]>
              </value>
            </param>
          </params>
          <reporter-output>
          </reporter-output>
        </test-method> <!-- loginWithMultipleUsers -->
        <test-method is-config="true" signature="tearDown()[pri:0, instance:tests.login.LoginTests@196a42c3]" started-at="2026-04-14T15:59:14 IST" name="tearDown" finished-at="2026-04-14T15:59:15 IST" duration-ms="1270" status="PASS">
          <reporter-output>
          </reporter-output>
        </test-method> <!-- tearDown -->
        <test-method is-config="true" signature="setUp()[pri:0, instance:tests.login.LoginTests@196a42c3]" started-at="2026-04-14T15:59:15 IST" name="setUp" finished-at="2026-04-14T15:59:18 IST" duration-ms="3000" status="PASS">
          <reporter-output>
          </reporter-output>
        </test-method> <!-- setUp -->
        <test-method signature="loginWithMultipleUsers(java.lang.String,java.lang.String)[pri:0, instance:tests.login.LoginTests@196a42c3]" started-at="2026-04-14T15:59:18 IST" name="loginWithMultipleUsers" data-provider="loginData" finished-at="2026-04-14T15:59:20 IST" duration-ms="2201" status="PASS">
          <params>
            <param index="0">
              <value>
                <![CDATA[locked_out_user]]>
              </value>
            </param>
            <param index="1">
              <value>
                <![CDATA[secret_sauce]]>
              </value>
            </param>
          </params>
          <reporter-output>
          </reporter-output>
        </test-method> <!-- loginWithMultipleUsers -->
        <test-method is-config="true" signature="tearDown()[pri:0, instance:tests.login.LoginTests@196a42c3]" started-at="2026-04-14T15:59:20 IST" name="tearDown" finished-at="2026-04-14T15:59:21 IST" duration-ms="958" status="PASS">
          <reporter-output>
          </reporter-output>
        </test-method> <!-- tearDown -->
        <test-method is-config="true" signature="setUp()[pri:0, instance:tests.login.LoginTests@196a42c3]" started-at="2026-04-14T15:59:21 IST" name="setUp" finished-at="2026-04-14T15:59:23 IST" duration-ms="1966" status="PASS">
          <reporter-output>
          </reporter-output>
        </test-method> <!-- setUp -->
        <test-method signature="loginWithMultipleUsers(java.lang.String,java.lang.String)[pri:0, instance:tests.login.LoginTests@196a42c3]" started-at="2026-04-14T15:59:23 IST" name="loginWithMultipleUsers" data-provider="loginData" finished-at="2026-04-14T15:59:25 IST" duration-ms="1497" status="PASS">
          <params>
            <param index="0">
              <value>
                <![CDATA[invalid_user]]>
              </value>
            </param>
            <param index="1">
              <value>
                <![CDATA[wrong_pass]]>
              </value>
            </param>
          </params>
          <reporter-output>
          </reporter-output>
        </test-method> <!-- loginWithMultipleUsers -->
        <test-method is-config="true" signature="tearDown()[pri:0, instance:tests.login.LoginTests@196a42c3]" started-at="2026-04-14T15:59:25 IST" name="tearDown" finished-at="2026-04-14T15:59:25 IST" duration-ms="314" status="PASS">
          <reporter-output>
          </reporter-output>
        </test-method> <!-- tearDown -->
        <test-method is-config="true" signature="setUp()[pri:0, instance:tests.login.LoginTests@196a42c3]" started-at="2026-04-14T15:59:25 IST" name="setUp" finished-at="2026-04-14T15:59:27 IST" duration-ms="1834" status="PASS">
          <reporter-output>
          </reporter-output>
        </test-method> <!-- setUp -->
        <test-method signature="loginWithMultipleUsers(java.lang.String,java.lang.String)[pri:0, instance:tests.login.LoginTests@196a42c3]" started-at="2026-04-14T15:59:27 IST" name="loginWithMultipleUsers" data-provider="loginData" finished-at="2026-04-14T15:59:33 IST" duration-ms="6556" status="PASS">
          <params>
            <param index="0">
              <value>
                <![CDATA[performance_glitch_user]]>
              </value>
            </param>
            <param index="1">
              <value>
                <![CDATA[secret_sauce]]>
              </value>
            </param>
          </params>
          <reporter-output>
          </reporter-output>
        </test-method> <!-- loginWithMultipleUsers -->
        <test-method is-config="true" signature="tearDown()[pri:0, instance:tests.login.LoginTests@196a42c3]" started-at="2026-04-14T15:59:33 IST" name="tearDown" finished-at="2026-04-14T15:59:34 IST" duration-ms="810" status="PASS">
          <reporter-output>
          </reporter-output>
        </test-method> <!-- tearDown -->
        <test-method is-config="true" signature="setUp()[pri:0, instance:tests.login.LoginTests@196a42c3]" started-at="2026-04-14T15:59:34 IST" name="setUp" finished-at="2026-04-14T15:59:36 IST" duration-ms="2014" status="PASS">
          <reporter-output>
          </reporter-output>
        </test-method> <!-- setUp -->
        <test-method signature="performanceUserTest()[pri:0, instance:tests.login.LoginTests@196a42c3]" started-at="2026-04-14T15:59:36 IST" name="performanceUserTest" finished-at="2026-04-14T15:59:42 IST" duration-ms="6132" status="PASS">
          <reporter-output>
          </reporter-output>
        </test-method> <!-- performanceUserTest -->
        <test-method is-config="true" signature="tearDown()[pri:0, instance:tests.login.LoginTests@196a42c3]" started-at="2026-04-14T15:59:42 IST" name="tearDown" finished-at="2026-04-14T15:59:43 IST" duration-ms="455" status="PASS">
          <reporter-output>
          </reporter-output>
        </test-method> <!-- tearDown -->
        <test-method is-config="true" signature="setUp()[pri:0, instance:tests.login.LoginTests@196a42c3]" started-at="2026-04-14T15:59:43 IST" name="setUp" finished-at="2026-04-14T15:59:45 IST" duration-ms="1953" status="PASS">
          <reporter-output>
          </reporter-output>
        </test-method> <!-- setUp -->
        <test-method signature="validLoginTest()[pri:0, instance:tests.login.LoginTests@196a42c3]" started-at="2026-04-14T15:59:45 IST" name="validLoginTest" finished-at="2026-04-14T15:59:46 IST" duration-ms="1133" status="PASS">
          <reporter-output>
          </reporter-output>
        </test-method> <!-- validLoginTest -->
        <test-method is-config="true" signature="tearDown()[pri:0, instance:tests.login.LoginTests@196a42c3]" started-at="2026-04-14T15:59:46 IST" name="tearDown" finished-at="2026-04-14T15:59:46 IST" duration-ms="283" status="PASS">
          <reporter-output>
          </reporter-output>
        </test-method> <!-- tearDown -->
      </class> <!-- tests.login.LoginTests -->
    </test> <!-- Login -->
  </suite> <!-- SauceDemo Suite -->
</testng-results>
