<?xml version="1.0" encoding="UTF-8"?>
<testsuite xmlns:xsi="http://www.w3.org/2001/XMLSchema-instance" xsi:noNamespaceSchemaLocation="https://maven.apache.org/surefire/maven-surefire-plugin/xsd/surefire-test-report-3.0.xsd" version="3.0" name="TestSuite" time="51.533" tests="12" errors="0" skipped="0" failures="0">
  <properties>
[...]
</properties>
  <testcase name="invalidLoginTest" classname="tests.login.LoginTests" time="2.345">
    <system-out><![CDATA[Error: epic sadface: username and password do not match any user in this service
]]></system-out>
    <system-err><![CDATA[[main] WARN org.testng.xml.TestNGContentHandler - It is strongly recommended to add "<!DOCTYPE suite SYSTEM "https://testng.org/testng-1.1.dtd" >" at the top of the suite file [C:\Users\srira\automation-workspace\saucedemo\testng.xml] otherwise TestNG may fail or not work as expected.
[TestNG-tests-2] INFO com.codeborne.selenide.impl.WebDriverThreadLocalContainer - No webdriver is bound to current thread: 24 - let's create a new webdriver
[TestNG-tests-1] INFO com.codeborne.selenide.impl.WebDriverThreadLocalContainer - No webdriver is bound to current thread: 23 - let's create a new webdriver
[TestNG-tests-2] INFO com.codeborne.selenide.impl.FileHelper - Creating folder: C:\Users\srira\automation-workspace\saucedemo\build\downloads\1776162536570_8692_24
[TestNG-tests-1] INFO com.codeborne.selenide.impl.FileHelper - Creating folder: C:\Users\srira\automation-workspace\saucedemo\build\downloads\1776162536570_8692_23
Apr 14, 2026 3:59:00 PM org.openqa.selenium.devtools.CdpVersionFinder findNearestMatch
WARNING: Unable to find CDP implementation matching 147
Apr 14, 2026 3:59:00 PM org.openqa.selenium.devtools.CdpVersionFinder findNearestMatch
WARNING: Unable to find CDP implementation matching 147
Apr 14, 2026 3:59:00 PM org.openqa.selenium.chromium.ChromiumDriver lambda$new$5
WARNING: Unable to find version of CDP to use for 147.0.7727.56. You may need to include a dependency on a specific version of the CDP using something similar to `org.seleniumhq.selenium:selenium-devtools-v86:4.18.1` where the version ("v86") matches the version of the chromium-based browser you're using and the version number of the artifact is the same as Selenium's.
Apr 14, 2026 3:59:00 PM org.openqa.selenium.chromium.ChromiumDriver lambda$new$5
WARNING: Unable to find version of CDP to use for 147.0.7727.56. You may need to include a dependency on a specific version of the CDP using something similar to `org.seleniumhq.selenium:selenium-devtools-v86:4.18.1` where the version ("v86") matches the version of the chromium-based browser you're using and the version number of the artifact is the same as Selenium's.
[TestNG-tests-2] INFO com.codeborne.selenide.webdriver.WebDriverFactory - BrowserName=chrome Version=147.0.7727.56 Platform=windows
[TestNG-tests-1] INFO com.codeborne.selenide.webdriver.WebDriverFactory - BrowserName=chrome Version=147.0.7727.56 Platform=windows
[TestNG-tests-2] INFO com.codeborne.selenide.webdriver.WebDriverFactory - Selenide v. 7.2.1
[TestNG-tests-1] INFO com.codeborne.selenide.webdriver.WebDriverFactory - Selenide v. 7.2.1
[TestNG-tests-1] INFO com.codeborne.selenide.webdriver.WebDriverFactory - Selenium WebDriver v. 4.18.1 build revision: b1d3319b48
[TestNG-tests-1] INFO com.codeborne.selenide.drivercommands.CreateDriverCommand - Created webdriver in thread 23: ChromeDriver -> ChromeDriver: chrome on windows (132333f98bdfb3acf2e6992ab8dc75b4), downloadsFolder: C:\Users\srira\automation-workspace\saucedemo\build\downloads\1776162536570_8692_23
[TestNG-tests-2] INFO com.codeborne.selenide.webdriver.WebDriverFactory - Selenium WebDriver v. 4.18.1 build revision: b1d3319b48
[TestNG-tests-2] INFO com.codeborne.selenide.drivercommands.CreateDriverCommand - Created webdriver in thread 24: ChromeDriver -> ChromeDriver: chrome on windows (172395b6f125af4dd02d919e2c15fede), downloadsFolder: C:\Users\srira\automation-workspace\saucedemo\build\downloads\1776162536570_8692_24
[TestNG-tests-2] INFO com.codeborne.selenide.drivercommands.DisposablesRegistry - Register WebDriverInstance[config=StaticConfig, webDriver=ChromeDriver: chrome on windows (172395b6f125af4dd02d919e2c15fede), proxy=null, downloadsFolder=C:\Users\srira\automation-workspace\saucedemo\build\downloads\1776162536570_8692_24] in 24 [size=1]
[TestNG-tests-2] INFO com.codeborne.selenide.drivercommands.DisposablesRegistry - Add shutdown hook in 24 [size=1]
[TestNG-tests-1] INFO com.codeborne.selenide.drivercommands.DisposablesRegistry - Register WebDriverInstance[config=StaticConfig, webDriver=ChromeDriver: chrome on windows (132333f98bdfb3acf2e6992ab8dc75b4), proxy=null, downloadsFolder=C:\Users\srira\automation-workspace\saucedemo\build\downloads\1776162536570_8692_23] in 23 [size=2]
]]></system-err>
  </testcase>
  <testcase name="lockedUserTest" classname="tests.login.LoginTests" time="1.394">
    <system-out><![CDATA[Error: epic sadface: sorry, this user has been locked out.
]]></system-out>
    <system-err><![CDATA[[TestNG-tests-2] INFO com.codeborne.selenide.impl.FileHelper - Deleted empty folder: C:\Users\srira\automation-workspace\saucedemo\build\downloads\1776162536570_8692_24
[TestNG-tests-2] INFO com.codeborne.selenide.drivercommands.CloseDriverCommand - Close webdriver: 24 -> ChromeDriver: chrome on windows (172395b6f125af4dd02d919e2c15fede)...
[TestNG-tests-1] INFO com.codeborne.selenide.drivercommands.CloseDriverCommand - Closed webdriver 23 in 1104 ms
[TestNG-tests-1] INFO com.codeborne.selenide.drivercommands.DisposablesRegistry - Unregister WebDriverInstance[config=StaticConfig, webDriver=ChromeDriver: chrome on windows (null), proxy=null, downloadsFolder=C:\Users\srira\automation-workspace\saucedemo\build\downloads\1776162536570_8692_23] in 23 [size=1]
[TestNG-tests-1] INFO com.codeborne.selenide.impl.WebDriverThreadLocalContainer - No webdriver is bound to current thread: 23 - let's create a new webdriver
[TestNG-tests-1] INFO com.codeborne.selenide.impl.FileHelper - Creating folder: C:\Users\srira\automation-workspace\saucedemo\build\downloads\1776162545137_8692_23
[TestNG-tests-2] INFO com.codeborne.selenide.drivercommands.CloseDriverCommand - Closed webdriver 24 in 963 ms
[TestNG-tests-2] INFO com.codeborne.selenide.drivercommands.DisposablesRegistry - Unregister WebDriverInstance[config=StaticConfig, webDriver=ChromeDriver: chrome on windows (null), proxy=null, downloadsFolder=C:\Users\srira\automation-workspace\saucedemo\build\downloads\1776162536570_8692_24] in 24 [size=0]
[TestNG-tests-2] INFO com.codeborne.selenide.impl.WebDriverThreadLocalContainer - No webdriver is bound to current thread: 24 - let's create a new webdriver
[TestNG-tests-2] INFO com.codeborne.selenide.impl.FileHelper - Creating folder: C:\Users\srira\automation-workspace\saucedemo\build\downloads\1776162545355_8692_24
Apr 14, 2026 3:59:06 PM org.openqa.selenium.devtools.CdpVersionFinder findNearestMatch
WARNING: Unable to find CDP implementation matching 147
Apr 14, 2026 3:59:06 PM org.openqa.selenium.chromium.ChromiumDriver lambda$new$5
WARNING: Unable to find version of CDP to use for 147.0.7727.56. You may need to include a dependency on a specific version of the CDP using something similar to `org.seleniumhq.selenium:selenium-devtools-v86:4.18.1` where the version ("v86") matches the version of the chromium-based browser you're using and the version number of the artifact is the same as Selenium's.
[TestNG-tests-1] INFO com.codeborne.selenide.webdriver.WebDriverFactory - BrowserName=chrome Version=147.0.7727.56 Platform=windows
[TestNG-tests-1] INFO com.codeborne.selenide.webdriver.WebDriverFactory - Selenide v. 7.2.1
[TestNG-tests-1] INFO com.codeborne.selenide.webdriver.WebDriverFactory - Selenium WebDriver v. 4.18.1 build revision: b1d3319b48
[TestNG-tests-1] INFO com.codeborne.selenide.drivercommands.CreateDriverCommand - Created webdriver in thread 23: ChromeDriver -> ChromeDriver: chrome on windows (22cbe6efc89e2b9795bac30c5e3cf978), downloadsFolder: C:\Users\srira\automation-workspace\saucedemo\build\downloads\1776162545137_8692_23
[TestNG-tests-1] INFO com.codeborne.selenide.drivercommands.DisposablesRegistry - Register WebDriverInstance[config=StaticConfig, webDriver=ChromeDriver: chrome on windows (22cbe6efc89e2b9795bac30c5e3cf978), proxy=null, downloadsFolder=C:\Users\srira\automation-workspace\saucedemo\build\downloads\1776162545137_8692_23] in 23 [size=1]
Apr 14, 2026 3:59:07 PM org.openqa.selenium.devtools.CdpVersionFinder findNearestMatch
WARNING: Unable to find CDP implementation matching 147
Apr 14, 2026 3:59:07 PM org.openqa.selenium.chromium.ChromiumDriver lambda$new$5
WARNING: Unable to find version of CDP to use for 147.0.7727.56. You may need to include a dependency on a specific version of the CDP using something similar to `org.seleniumhq.selenium:selenium-devtools-v86:4.18.1` where the version ("v86") matches the version of the chromium-based browser you're using and the version number of the artifact is the same as Selenium's.
[TestNG-tests-2] INFO com.codeborne.selenide.webdriver.WebDriverFactory - BrowserName=chrome Version=147.0.7727.56 Platform=windows
[TestNG-tests-2] INFO com.codeborne.selenide.webdriver.WebDriverFactory - Selenide v. 7.2.1
[TestNG-tests-2] INFO com.codeborne.selenide.webdriver.WebDriverFactory - Selenium WebDriver v. 4.18.1 build revision: b1d3319b48
[TestNG-tests-2] INFO com.codeborne.selenide.drivercommands.CreateDriverCommand - Created webdriver in thread 24: ChromeDriver -> ChromeDriver: chrome on windows (a14bade8788968d351e306f7b4abdb7b), downloadsFolder: C:\Users\srira\automation-workspace\saucedemo\build\downloads\1776162545355_8692_24
[TestNG-tests-2] INFO com.codeborne.selenide.drivercommands.DisposablesRegistry - Register WebDriverInstance[config=StaticConfig, webDriver=ChromeDriver: chrome on windows (a14bade8788968d351e306f7b4abdb7b), proxy=null, downloadsFolder=C:\Users\srira\automation-workspace\saucedemo\build\downloads\1776162545355_8692_24] in 24 [size=2]
]]></system-err>
  </testcase>
  <testcase name="loginWithMultipleUsers[standard_user, secret_sauce](1)" classname="tests.login.LoginTests" time="1.133">
    <system-out><![CDATA[Running test with: standard_user
]]></system-out>
    <system-err><![CDATA[[TestNG-tests-2] INFO com.codeborne.selenide.impl.FileHelper - Deleted empty folder: C:\Users\srira\automation-workspace\saucedemo\build\downloads\1776162545355_8692_24
[TestNG-tests-2] INFO com.codeborne.selenide.drivercommands.CloseDriverCommand - Close webdriver: 24 -> ChromeDriver: chrome on windows (a14bade8788968d351e306f7b4abdb7b)...
[TestNG-tests-1] INFO com.codeborne.selenide.drivercommands.CloseDriverCommand - Closed webdriver 23 in 671 ms
[TestNG-tests-1] INFO com.codeborne.selenide.drivercommands.DisposablesRegistry - Unregister WebDriverInstance[config=StaticConfig, webDriver=ChromeDriver: chrome on windows (null), proxy=null, downloadsFolder=C:\Users\srira\automation-workspace\saucedemo\build\downloads\1776162545137_8692_23] in 23 [size=1]
[TestNG-tests-1] INFO com.codeborne.selenide.impl.WebDriverThreadLocalContainer - No webdriver is bound to current thread: 23 - let's create a new webdriver
[TestNG-tests-1] INFO com.codeborne.selenide.impl.FileHelper - Creating folder: C:\Users\srira\automation-workspace\saucedemo\build\downloads\1776162550120_8692_23
[TestNG-tests-2] INFO com.codeborne.selenide.drivercommands.CloseDriverCommand - Closed webdriver 24 in 697 ms
[TestNG-tests-2] INFO com.codeborne.selenide.drivercommands.DisposablesRegistry - Unregister WebDriverInstance[config=StaticConfig, webDriver=ChromeDriver: chrome on windows (null), proxy=null, downloadsFolder=C:\Users\srira\automation-workspace\saucedemo\build\downloads\1776162545355_8692_24] in 24 [size=0]
[TestNG-tests-2] INFO com.codeborne.selenide.impl.WebDriverThreadLocalContainer - No webdriver is bound to current thread: 24 - let's create a new webdriver
[TestNG-tests-2] INFO com.codeborne.selenide.impl.FileHelper - Creating folder: C:\Users\srira\automation-workspace\saucedemo\build\downloads\1776162550418_8692_24
Apr 14, 2026 3:59:11 PM org.openqa.selenium.devtools.CdpVersionFinder findNearestMatch
WARNING: Unable to find CDP implementation matching 147
Apr 14, 2026 3:59:11 PM org.openqa.selenium.chromium.ChromiumDriver lambda$new$5
WARNING: Unable to find version of CDP to use for 147.0.7727.56. You may need to include a dependency on a specific version of the CDP using something similar to `org.seleniumhq.selenium:selenium-devtools-v86:4.18.1` where the version ("v86") matches the version of the chromium-based browser you're using and the version number of the artifact is the same as Selenium's.
[TestNG-tests-1] INFO com.codeborne.selenide.webdriver.WebDriverFactory - BrowserName=chrome Version=147.0.7727.56 Platform=windows
[TestNG-tests-1] INFO com.codeborne.selenide.webdriver.WebDriverFactory - Selenide v. 7.2.1
[TestNG-tests-1] INFO com.codeborne.selenide.webdriver.WebDriverFactory - Selenium WebDriver v. 4.18.1 build revision: b1d3319b48
[TestNG-tests-1] INFO com.codeborne.selenide.drivercommands.CreateDriverCommand - Created webdriver in thread 23: ChromeDriver -> ChromeDriver: chrome on windows (c5b754c11e4625818596aa2f6ebb427d), downloadsFolder: C:\Users\srira\automation-workspace\saucedemo\build\downloads\1776162550120_8692_23
[TestNG-tests-1] INFO com.codeborne.selenide.drivercommands.DisposablesRegistry - Register WebDriverInstance[config=StaticConfig, webDriver=ChromeDriver: chrome on windows (c5b754c11e4625818596aa2f6ebb427d), proxy=null, downloadsFolder=C:\Users\srira\automation-workspace\saucedemo\build\downloads\1776162550120_8692_23] in 23 [size=1]
Apr 14, 2026 3:59:12 PM org.openqa.selenium.devtools.CdpVersionFinder findNearestMatch
WARNING: Unable to find CDP implementation matching 147
Apr 14, 2026 3:59:12 PM org.openqa.selenium.chromium.ChromiumDriver lambda$new$5
WARNING: Unable to find version of CDP to use for 147.0.7727.56. You may need to include a dependency on a specific version of the CDP using something similar to `org.seleniumhq.selenium:selenium-devtools-v86:4.18.1` where the version ("v86") matches the version of the chromium-based browser you're using and the version number of the artifact is the same as Selenium's.
[TestNG-tests-2] INFO com.codeborne.selenide.webdriver.WebDriverFactory - BrowserName=chrome Version=147.0.7727.56 Platform=windows
[TestNG-tests-2] INFO com.codeborne.selenide.webdriver.WebDriverFactory - Selenide v. 7.2.1
[TestNG-tests-2] INFO com.codeborne.selenide.webdriver.WebDriverFactory - Selenium WebDriver v. 4.18.1 build revision: b1d3319b48
[TestNG-tests-2] INFO com.codeborne.selenide.drivercommands.CreateDriverCommand - Created webdriver in thread 24: ChromeDriver -> ChromeDriver: chrome on windows (53e3fb7b756887b9106c7a8d4c1435ca), downloadsFolder: C:\Users\srira\automation-workspace\saucedemo\build\downloads\1776162550418_8692_24
[TestNG-tests-2] INFO com.codeborne.selenide.drivercommands.DisposablesRegistry - Register WebDriverInstance[config=StaticConfig, webDriver=ChromeDriver: chrome on windows (53e3fb7b756887b9106c7a8d4c1435ca), proxy=null, downloadsFolder=C:\Users\srira\automation-workspace\saucedemo\build\downloads\1776162550418_8692_24] in 24 [size=2]
]]></system-err>
  </testcase>
  <testcase name="loginWithMultipleUsers[locked_out_user, secret_sauce](2)" classname="tests.login.LoginTests" time="1.686">
    <system-out><![CDATA[Running test with: locked_out_user
Error: epic sadface: sorry, this user has been locked out.
]]></system-out>
    <system-err><![CDATA[[TestNG-tests-2] INFO com.codeborne.selenide.impl.FileHelper - Deleted empty folder: C:\Users\srira\automation-workspace\saucedemo\build\downloads\1776162550418_8692_24
[TestNG-tests-2] INFO com.codeborne.selenide.drivercommands.CloseDriverCommand - Close webdriver: 24 -> ChromeDriver: chrome on windows (53e3fb7b756887b9106c7a8d4c1435ca)...
[TestNG-tests-1] INFO com.codeborne.selenide.drivercommands.CloseDriverCommand - Closed webdriver 23 in 1251 ms
[TestNG-tests-1] INFO com.codeborne.selenide.drivercommands.DisposablesRegistry - Unregister WebDriverInstance[config=StaticConfig, webDriver=ChromeDriver: chrome on windows (null), proxy=null, downloadsFolder=C:\Users\srira\automation-workspace\saucedemo\build\downloads\1776162550120_8692_23] in 23 [size=1]
[TestNG-tests-1] INFO com.codeborne.selenide.impl.WebDriverThreadLocalContainer - No webdriver is bound to current thread: 23 - let's create a new webdriver
[TestNG-tests-1] INFO com.codeborne.selenide.impl.FileHelper - Creating folder: C:\Users\srira\automation-workspace\saucedemo\build\downloads\1776162555470_8692_23
[TestNG-tests-2] INFO com.codeborne.selenide.drivercommands.CloseDriverCommand - Closed webdriver 24 in 555 ms
[TestNG-tests-2] INFO com.codeborne.selenide.drivercommands.DisposablesRegistry - Unregister WebDriverInstance[config=StaticConfig, webDriver=ChromeDriver: chrome on windows (null), proxy=null, downloadsFolder=C:\Users\srira\automation-workspace\saucedemo\build\downloads\1776162550418_8692_24] in 24 [size=0]
[TestNG-tests-2] INFO com.codeborne.selenide.impl.WebDriverThreadLocalContainer - No webdriver is bound to current thread: 24 - let's create a new webdriver
[TestNG-tests-2] INFO com.codeborne.selenide.impl.FileHelper - Creating folder: C:\Users\srira\automation-workspace\saucedemo\build\downloads\1776162555969_8692_24
Apr 14, 2026 3:59:17 PM org.openqa.selenium.devtools.CdpVersionFinder findNearestMatch
WARNING: Unable to find CDP implementation matching 147
Apr 14, 2026 3:59:17 PM org.openqa.selenium.chromium.ChromiumDriver lambda$new$5
WARNING: Unable to find version of CDP to use for 147.0.7727.56. You may need to include a dependency on a specific version of the CDP using something similar to `org.seleniumhq.selenium:selenium-devtools-v86:4.18.1` where the version ("v86") matches the version of the chromium-based browser you're using and the version number of the artifact is the same as Selenium's.
[TestNG-tests-1] INFO com.codeborne.selenide.webdriver.WebDriverFactory - BrowserName=chrome Version=147.0.7727.56 Platform=windows
[TestNG-tests-1] INFO com.codeborne.selenide.webdriver.WebDriverFactory - Selenide v. 7.2.1
[TestNG-tests-1] INFO com.codeborne.selenide.webdriver.WebDriverFactory - Selenium WebDriver v. 4.18.1 build revision: b1d3319b48
[TestNG-tests-1] INFO com.codeborne.selenide.drivercommands.CreateDriverCommand - Created webdriver in thread 23: ChromeDriver -> ChromeDriver: chrome on windows (6da6e3f870860b626354da06934739b3), downloadsFolder: C:\Users\srira\automation-workspace\saucedemo\build\downloads\1776162555470_8692_23
[TestNG-tests-1] INFO com.codeborne.selenide.drivercommands.DisposablesRegistry - Register WebDriverInstance[config=StaticConfig, webDriver=ChromeDriver: chrome on windows (6da6e3f870860b626354da06934739b3), proxy=null, downloadsFolder=C:\Users\srira\automation-workspace\saucedemo\build\downloads\1776162555470_8692_23] in 23 [size=1]
Apr 14, 2026 3:59:18 PM org.openqa.selenium.devtools.CdpVersionFinder findNearestMatch
WARNING: Unable to find CDP implementation matching 147
Apr 14, 2026 3:59:18 PM org.openqa.selenium.chromium.ChromiumDriver lambda$new$5
WARNING: Unable to find version of CDP to use for 147.0.7727.56. You may need to include a dependency on a specific version of the CDP using something similar to `org.seleniumhq.selenium:selenium-devtools-v86:4.18.1` where the version ("v86") matches the version of the chromium-based browser you're using and the version number of the artifact is the same as Selenium's.
[TestNG-tests-2] INFO com.codeborne.selenide.webdriver.WebDriverFactory - BrowserName=chrome Version=147.0.7727.56 Platform=windows
[TestNG-tests-2] INFO com.codeborne.selenide.webdriver.WebDriverFactory - Selenide v. 7.2.1
[TestNG-tests-2] INFO com.codeborne.selenide.webdriver.WebDriverFactory - Selenium WebDriver v. 4.18.1 build revision: b1d3319b48
[TestNG-tests-2] INFO com.codeborne.selenide.drivercommands.CreateDriverCommand - Created webdriver in thread 24: ChromeDriver -> ChromeDriver: chrome on windows (c31ea2b1d00b29a68dcaa3c59ebd35bd), downloadsFolder: C:\Users\srira\automation-workspace\saucedemo\build\downloads\1776162555969_8692_24
[TestNG-tests-2] INFO com.codeborne.selenide.drivercommands.DisposablesRegistry - Register WebDriverInstance[config=StaticConfig, webDriver=ChromeDriver: chrome on windows (c31ea2b1d00b29a68dcaa3c59ebd35bd), proxy=null, downloadsFolder=C:\Users\srira\automation-workspace\saucedemo\build\downloads\1776162555969_8692_24] in 24 [size=2]
]]></system-err>
  </testcase>
  <testcase name="loginWithMultipleUsers[invalid_user, wrong_pass](3)" classname="tests.login.LoginTests" time="1.503">
    <system-out><![CDATA[Running test with: invalid_user
Error: epic sadface: username and password do not match any user in this service
]]></system-out>
    <system-err><![CDATA[[TestNG-tests-2] INFO com.codeborne.selenide.impl.FileHelper - Deleted empty folder: C:\Users\srira\automation-workspace\saucedemo\build\downloads\1776162555969_8692_24
[TestNG-tests-2] INFO com.codeborne.selenide.drivercommands.CloseDriverCommand - Close webdriver: 24 -> ChromeDriver: chrome on windows (c31ea2b1d00b29a68dcaa3c59ebd35bd)...
[TestNG-tests-1] INFO com.codeborne.selenide.drivercommands.CloseDriverCommand - Closed webdriver 23 in 923 ms
[TestNG-tests-1] INFO com.codeborne.selenide.drivercommands.DisposablesRegistry - Unregister WebDriverInstance[config=StaticConfig, webDriver=ChromeDriver: chrome on windows (null), proxy=null, downloadsFolder=C:\Users\srira\automation-workspace\saucedemo\build\downloads\1776162555470_8692_23] in 23 [size=1]
[TestNG-tests-1] INFO com.codeborne.selenide.impl.WebDriverThreadLocalContainer - No webdriver is bound to current thread: 23 - let's create a new webdriver
[TestNG-tests-1] INFO com.codeborne.selenide.impl.FileHelper - Creating folder: C:\Users\srira\automation-workspace\saucedemo\build\downloads\1776162561669_8692_23
[TestNG-tests-2] INFO com.codeborne.selenide.drivercommands.CloseDriverCommand - Closed webdriver 24 in 853 ms
[TestNG-tests-2] INFO com.codeborne.selenide.drivercommands.DisposablesRegistry - Unregister WebDriverInstance[config=StaticConfig, webDriver=ChromeDriver: chrome on windows (null), proxy=null, downloadsFolder=C:\Users\srira\automation-workspace\saucedemo\build\downloads\1776162555969_8692_24] in 24 [size=0]
Apr 14, 2026 3:59:23 PM org.openqa.selenium.devtools.CdpVersionFinder findNearestMatch
WARNING: Unable to find CDP implementation matching 147
Apr 14, 2026 3:59:23 PM org.openqa.selenium.chromium.ChromiumDriver lambda$new$5
WARNING: Unable to find version of CDP to use for 147.0.7727.56. You may need to include a dependency on a specific version of the CDP using something similar to `org.seleniumhq.selenium:selenium-devtools-v86:4.18.1` where the version ("v86") matches the version of the chromium-based browser you're using and the version number of the artifact is the same as Selenium's.
[TestNG-tests-1] INFO com.codeborne.selenide.webdriver.WebDriverFactory - BrowserName=chrome Version=147.0.7727.56 Platform=windows
[TestNG-tests-1] INFO com.codeborne.selenide.webdriver.WebDriverFactory - Selenide v. 7.2.1
[TestNG-tests-1] INFO com.codeborne.selenide.webdriver.WebDriverFactory - Selenium WebDriver v. 4.18.1 build revision: b1d3319b48
[TestNG-tests-1] INFO com.codeborne.selenide.drivercommands.CreateDriverCommand - Created webdriver in thread 23: ChromeDriver -> ChromeDriver: chrome on windows (3082fe071cdb8fa7178b1c1001bfa037), downloadsFolder: C:\Users\srira\automation-workspace\saucedemo\build\downloads\1776162561669_8692_23
[TestNG-tests-1] INFO com.codeborne.selenide.drivercommands.DisposablesRegistry - Register WebDriverInstance[config=StaticConfig, webDriver=ChromeDriver: chrome on windows (3082fe071cdb8fa7178b1c1001bfa037), proxy=null, downloadsFolder=C:\Users\srira\automation-workspace\saucedemo\build\downloads\1776162561669_8692_23] in 23 [size=1]
]]></system-err>
  </testcase>
  <testcase name="loginWithMultipleUsers[performance_glitch_user, secret_sauce](4)" classname="tests.login.LoginTests" time="6.562">
    <system-out><![CDATA[Running test with: performance_glitch_user
]]></system-out>
    <system-err><![CDATA[[TestNG-tests-1] INFO com.codeborne.selenide.impl.FileHelper - Deleted empty folder: C:\Users\srira\automation-workspace\saucedemo\build\downloads\1776162561669_8692_23
[TestNG-tests-1] INFO com.codeborne.selenide.drivercommands.CloseDriverCommand - Close webdriver: 23 -> ChromeDriver: chrome on windows (3082fe071cdb8fa7178b1c1001bfa037)...
[TestNG-tests-1] INFO com.codeborne.selenide.drivercommands.CloseDriverCommand - Closed webdriver 23 in 307 ms
[TestNG-tests-1] INFO com.codeborne.selenide.drivercommands.DisposablesRegistry - Unregister WebDriverInstance[config=StaticConfig, webDriver=ChromeDriver: chrome on windows (null), proxy=null, downloadsFolder=C:\Users\srira\automation-workspace\saucedemo\build\downloads\1776162561669_8692_23] in 23 [size=0]
[TestNG-tests-1] INFO com.codeborne.selenide.impl.WebDriverThreadLocalContainer - No webdriver is bound to current thread: 23 - let's create a new webdriver
[TestNG-tests-1] INFO com.codeborne.selenide.impl.FileHelper - Creating folder: C:\Users\srira\automation-workspace\saucedemo\build\downloads\1776162565464_8692_23
Apr 14, 2026 3:59:26 PM org.openqa.selenium.devtools.CdpVersionFinder findNearestMatch
WARNING: Unable to find CDP implementation matching 147
Apr 14, 2026 3:59:26 PM org.openqa.selenium.chromium.ChromiumDriver lambda$new$5
WARNING: Unable to find version of CDP to use for 147.0.7727.56. You may need to include a dependency on a specific version of the CDP using something similar to `org.seleniumhq.selenium:selenium-devtools-v86:4.18.1` where the version ("v86") matches the version of the chromium-based browser you're using and the version number of the artifact is the same as Selenium's.
[TestNG-tests-1] INFO com.codeborne.selenide.webdriver.WebDriverFactory - BrowserName=chrome Version=147.0.7727.56 Platform=windows
[TestNG-tests-1] INFO com.codeborne.selenide.webdriver.WebDriverFactory - Selenide v. 7.2.1
[TestNG-tests-1] INFO com.codeborne.selenide.webdriver.WebDriverFactory - Selenium WebDriver v. 4.18.1 build revision: b1d3319b48
[TestNG-tests-1] INFO com.codeborne.selenide.drivercommands.CreateDriverCommand - Created webdriver in thread 23: ChromeDriver -> ChromeDriver: chrome on windows (73d290d7f0f61d82f23f27a372f6e3dc), downloadsFolder: C:\Users\srira\automation-workspace\saucedemo\build\downloads\1776162565464_8692_23
[TestNG-tests-1] INFO com.codeborne.selenide.drivercommands.DisposablesRegistry - Register WebDriverInstance[config=StaticConfig, webDriver=ChromeDriver: chrome on windows (73d290d7f0f61d82f23f27a372f6e3dc), proxy=null, downloadsFolder=C:\Users\srira\automation-workspace\saucedemo\build\downloads\1776162565464_8692_23] in 23 [size=1]
]]></system-err>
  </testcase>
  <testcase name="performanceUserTest" classname="tests.login.LoginTests" time="6.139">
    <system-err><![CDATA[[TestNG-tests-1] INFO com.codeborne.selenide.impl.FileHelper - Deleted empty folder: C:\Users\srira\automation-workspace\saucedemo\build\downloads\1776162565464_8692_23
[TestNG-tests-1] INFO com.codeborne.selenide.drivercommands.CloseDriverCommand - Close webdriver: 23 -> ChromeDriver: chrome on windows (73d290d7f0f61d82f23f27a372f6e3dc)...
[TestNG-tests-1] INFO com.codeborne.selenide.drivercommands.CloseDriverCommand - Closed webdriver 23 in 806 ms
[TestNG-tests-1] INFO com.codeborne.selenide.drivercommands.DisposablesRegistry - Unregister WebDriverInstance[config=StaticConfig, webDriver=ChromeDriver: chrome on windows (null), proxy=null, downloadsFolder=C:\Users\srira\automation-workspace\saucedemo\build\downloads\1776162565464_8692_23] in 23 [size=0]
[TestNG-tests-1] INFO com.codeborne.selenide.impl.WebDriverThreadLocalContainer - No webdriver is bound to current thread: 23 - let's create a new webdriver
[TestNG-tests-1] INFO com.codeborne.selenide.impl.FileHelper - Creating folder: C:\Users\srira\automation-workspace\saucedemo\build\downloads\1776162574685_8692_23
Apr 14, 2026 3:59:36 PM org.openqa.selenium.devtools.CdpVersionFinder findNearestMatch
WARNING: Unable to find CDP implementation matching 147
Apr 14, 2026 3:59:36 PM org.openqa.selenium.chromium.ChromiumDriver lambda$new$5
WARNING: Unable to find version of CDP to use for 147.0.7727.56. You may need to include a dependency on a specific version of the CDP using something similar to `org.seleniumhq.selenium:selenium-devtools-v86:4.18.1` where the version ("v86") matches the version of the chromium-based browser you're using and the version number of the artifact is the same as Selenium's.
[TestNG-tests-1] INFO com.codeborne.selenide.webdriver.WebDriverFactory - BrowserName=chrome Version=147.0.7727.56 Platform=windows
[TestNG-tests-1] INFO com.codeborne.selenide.webdriver.WebDriverFactory - Selenide v. 7.2.1
[TestNG-tests-1] INFO com.codeborne.selenide.webdriver.WebDriverFactory - Selenium WebDriver v. 4.18.1 build revision: b1d3319b48
[TestNG-tests-1] INFO com.codeborne.selenide.drivercommands.CreateDriverCommand - Created webdriver in thread 23: ChromeDriver -> ChromeDriver: chrome on windows (6c84e4e184ec71f324923fda47a477b9), downloadsFolder: C:\Users\srira\automation-workspace\saucedemo\build\downloads\1776162574685_8692_23
[TestNG-tests-1] INFO com.codeborne.selenide.drivercommands.DisposablesRegistry - Register WebDriverInstance[config=StaticConfig, webDriver=ChromeDriver: chrome on windows (6c84e4e184ec71f324923fda47a477b9), proxy=null, downloadsFolder=C:\Users\srira\automation-workspace\saucedemo\build\downloads\1776162574685_8692_23] in 23 [size=1]
]]></system-err>
  </testcase>
  <testcase name="validLoginTest" classname="tests.login.LoginTests" time="1.135">
    <system-err><![CDATA[[TestNG-tests-1] INFO com.codeborne.selenide.impl.FileHelper - Deleted empty folder: C:\Users\srira\automation-workspace\saucedemo\build\downloads\1776162574685_8692_23
[TestNG-tests-1] INFO com.codeborne.selenide.drivercommands.CloseDriverCommand - Close webdriver: 23 -> ChromeDriver: chrome on windows (6c84e4e184ec71f324923fda47a477b9)...
[TestNG-tests-1] INFO com.codeborne.selenide.drivercommands.CloseDriverCommand - Closed webdriver 23 in 449 ms
[TestNG-tests-1] INFO com.codeborne.selenide.drivercommands.DisposablesRegistry - Unregister WebDriverInstance[config=StaticConfig, webDriver=ChromeDriver: chrome on windows (null), proxy=null, downloadsFolder=C:\Users\srira\automation-workspace\saucedemo\build\downloads\1776162574685_8692_23] in 23 [size=0]
[TestNG-tests-1] INFO com.codeborne.selenide.impl.WebDriverThreadLocalContainer - No webdriver is bound to current thread: 23 - let's create a new webdriver
[TestNG-tests-1] INFO com.codeborne.selenide.impl.FileHelper - Creating folder: C:\Users\srira\automation-workspace\saucedemo\build\downloads\1776162583330_8692_23
Apr 14, 2026 3:59:44 PM org.openqa.selenium.devtools.CdpVersionFinder findNearestMatch
WARNING: Unable to find CDP implementation matching 147
Apr 14, 2026 3:59:44 PM org.openqa.selenium.chromium.ChromiumDriver lambda$new$5
WARNING: Unable to find version of CDP to use for 147.0.7727.56. You may need to include a dependency on a specific version of the CDP using something similar to `org.seleniumhq.selenium:selenium-devtools-v86:4.18.1` where the version ("v86") matches the version of the chromium-based browser you're using and the version number of the artifact is the same as Selenium's.
[TestNG-tests-1] INFO com.codeborne.selenide.webdriver.WebDriverFactory - BrowserName=chrome Version=147.0.7727.56 Platform=windows
[TestNG-tests-1] INFO com.codeborne.selenide.webdriver.WebDriverFactory - Selenide v. 7.2.1
[TestNG-tests-1] INFO com.codeborne.selenide.webdriver.WebDriverFactory - Selenium WebDriver v. 4.18.1 build revision: b1d3319b48
[TestNG-tests-1] INFO com.codeborne.selenide.drivercommands.CreateDriverCommand - Created webdriver in thread 23: ChromeDriver -> ChromeDriver: chrome on windows (0f0ce4c05ba492c6f490a0351dfe04a5), downloadsFolder: C:\Users\srira\automation-workspace\saucedemo\build\downloads\1776162583330_8692_23
[TestNG-tests-1] INFO com.codeborne.selenide.drivercommands.DisposablesRegistry - Register WebDriverInstance[config=StaticConfig, webDriver=ChromeDriver: chrome on windows (0f0ce4c05ba492c6f490a0351dfe04a5), proxy=null, downloadsFolder=C:\Users\srira\automation-workspace\saucedemo\build\downloads\1776162583330_8692_23] in 23 [size=1]
]]></system-err>
  </testcase>
  <testcase name="addItemToCartTest" classname="tests.inventory.InventoryTests" time="2.745">
    <system-err><![CDATA[[TestNG-tests-1] INFO com.codeborne.selenide.impl.FileHelper - Deleted empty folder: C:\Users\srira\automation-workspace\saucedemo\build\downloads\1776162536570_8692_23
[TestNG-tests-1] INFO com.codeborne.selenide.drivercommands.CloseDriverCommand - Close webdriver: 23 -> ChromeDriver: chrome on windows (132333f98bdfb3acf2e6992ab8dc75b4)...
]]></system-err>
  </testcase>
  <testcase name="removeItemFromCartTest" classname="tests.inventory.InventoryTests" time="1.707">
    <system-err><![CDATA[[TestNG-tests-1] INFO com.codeborne.selenide.impl.FileHelper - Deleted empty folder: C:\Users\srira\automation-workspace\saucedemo\build\downloads\1776162545137_8692_23
[TestNG-tests-1] INFO com.codeborne.selenide.drivercommands.CloseDriverCommand - Close webdriver: 23 -> ChromeDriver: chrome on windows (22cbe6efc89e2b9795bac30c5e3cf978)...
]]></system-err>
  </testcase>
  <testcase name="sortLowToHighTest" classname="tests.inventory.InventoryTests" time="2.347">
    <system-err><![CDATA[[TestNG-tests-1] INFO com.codeborne.selenide.impl.FileHelper - Deleted empty folder: C:\Users\srira\automation-workspace\saucedemo\build\downloads\1776162550120_8692_23
[TestNG-tests-1] INFO com.codeborne.selenide.drivercommands.CloseDriverCommand - Close webdriver: 23 -> ChromeDriver: chrome on windows (c5b754c11e4625818596aa2f6ebb427d)...
]]></system-err>
  </testcase>
  <testcase name="verifyInventoryPageLoaded" classname="tests.inventory.InventoryTests" time="1.954">
    <system-err><![CDATA[[TestNG-tests-1] INFO com.codeborne.selenide.impl.FileHelper - Deleted empty folder: C:\Users\srira\automation-workspace\saucedemo\build\downloads\1776162555470_8692_23
[TestNG-tests-1] INFO com.codeborne.selenide.drivercommands.CloseDriverCommand - Close webdriver: 23 -> ChromeDriver: chrome on windows (6da6e3f870860b626354da06934739b3)...
]]></system-err>
  </testcase>
</testsuite>