<?xml version="1.0" encoding="UTF-8"?>
<!-- Generated by org.testng.reporters.JUnitReportReporter -->
<testsuite hostname="Sriram" failures="0" tests="8" name="tests.login.LoginTests" time="49.728" errors="0" timestamp="2026-04-14T15:59:47 IST" skipped="0">
  <testcase classname="tests.login.LoginTests" name="loginWithMultipleUsers" time="4.500"/>
  <testcase classname="tests.login.LoginTests" name="performanceUserTest" time="12.375"/>
  <testcase classname="tests.login.LoginTests" name="loginWithMultipleUsers" time="4.964"/>
  <testcase classname="tests.login.LoginTests" name="lockedUserTest" time="4.150"/>
  <testcase classname="tests.login.LoginTests" name="loginWithMultipleUsers" time="4.809"/>
  <testcase classname="tests.login.LoginTests" name="validLoginTest" time="3.648"/>
  <testcase classname="tests.login.LoginTests" name="invalidLoginTest" time="5.443"/>
  <testcase classname="tests.login.LoginTests" name="loginWithMultipleUsers" time="9.839"/>
</testsuite> <!-- tests.login.LoginTests -->
