<?xml version="1.0" encoding="UTF-8"?>
<!-- Generated by org.testng.reporters.JUnitReportReporter -->
<testsuite hostname="Sriram" failures="0" tests="4" name="tests.inventory.InventoryTests" time="25.067" errors="0" timestamp="2026-04-14T15:59:47 IST" skipped="0">
  <testcase classname="tests.inventory.InventoryTests" name="addItemToCartTest" time="6.720"/>
  <testcase classname="tests.inventory.InventoryTests" name="sortLowToHighTest" time="5.680"/>
  <testcase classname="tests.inventory.InventoryTests" name="removeItemFromCartTest" time="7.392"/>
  <testcase classname="tests.inventory.InventoryTests" name="verifyInventoryPageLoaded" time="5.275"/>
</testsuite> <!-- tests.inventory.InventoryTests -->
